                              1856023862266384134850882267771223226463012388454055972213556707067276624575,
                                721734516881566113991739060234943946737358742400686720027155767807930563645,
                                0,
                                4,
                                4,
                                2212868693469652036318225324036406454624232140657425204761223462361758047380,
                                0,
                                1,
                                0],
                   'caller_address': 0,
                   'class_hash': '0x4d07e40e93398ed3c76981e72dd1fd22557a78ce36c0515f679e27f0bb5bc5f',
                   'code_address': None,
                   'contract_address': 3562055384976875123115280411327378123839557441680670463096306030682092229914,
                   'entry_point_selector': 626969833899987279399947180575486623810258720106406659648356883742278317941,
                   'entry_point_type': 'EXTERNAL',
                   'events': [],
                   'execution_resources': {'builtin_instance_counter': {'ecdsa_builtin': 1,
                                                                        'range_check_builtin': 2},
                                           'n_memory_holes': 0,
                                           'n_steps': 94},
                   'failure_flag': '0x0',
                   'gas_consumed': '0x0',
                   'internal_calls': [],
                   'l2_to_l1_messages': [],
                   'retdata': [],
                   'storage_read_values': [3571077580641057962019375980836964323430604474979724507958294224671833227961]}}
[2023-06-20 17:54:50 +0200] [884933] [INFO] transaction receipt: {'actual_fee': '0x488cceac00',
 'block_hash': '0x6c16825471c0d60693bb1571074987637d7410748ba78a8e91cb6d2d2556fb8',
 'block_number': 2,
 'events': [{'data': ['0x67b994ad2b366e0003d039f9cb8b8b913db644e215cee5d3575b770722f0dc',
                      '0x7e00d496e324876bbc8531f2d9a82bf154d1a04a50218ee74cdd372f75a551a',
                      '0x1',
                      '0x4e47075af4fe2d406a2d6467691f3ce9b0c77f758723e94ad8ca18a36061c94',
                      '0x0',
                      '0x0'],
             'from_address': '0x41a78e741e5af2fec34b695679bc6891742439f7afb8484ecd7766661ad02bf',
             'keys': ['0x26b160f10156dea0639bec90696772c640b9706a47f5b8c52ea1abe5858b34d']},
            {'data': ['0x7e00d496e324876bbc8531f2d9a82bf154d1a04a50218ee74cdd372f75a551a',
                      '0xedad892bb8c0cd384ff67c0cfabed06ccef6216a1a4ae553a260fb30b03826',
                      '0x488cceac00',
                      '0x0'],
             'from_address': '0x49d36570d4e46f48e99674bd3fcc84644ddd6b96f7c741b1562b82f9e004dc7',
             'keys': ['0x99cd8bde557814842a3121e8ddfd433a539b8c9f14bf31ebf108d12e6196e9']}],
 'execution_resources': {'builtin_instance_counter': {'pedersen_builtin': 1,
                                                      'range_check_builtin': 9},
                         'n_memory_holes': 13,
                         'n_steps': 353},
 'l2_to_l1_messages': [],
 'status': 'ACCEPTED_ON_L2',
 'transaction_hash': '0x5f8990db84fc5d495af29c7bd706023a620d33fa8c01527a9bf36ec6bd6782b',
 'transaction_index': 0}
[2023-06-20 17:54:50 +0200] [884933] [INFO] add_transaction response: {'address': '0x07e00d496e324876bbc8531f2d9a82bf154d1a04a50218ee74cdd372f75a551a',
 'code': 'TRANSACTION_RECEIVED',
 'transaction_hash': '0x5f8990db84fc5d495af29c7bd706023a620d33fa8c01527a9bf36ec6bd6782b'}
[2023-06-20 17:54:50 +0200] [884933] [INFO] 127.0.0.1 - - [20/Jun/2023:17:54:50 +0200] "POST /gateway/add_transaction HTTP/1.1" 200 198 "-" "undici"
[2023-06-20 17:54:58 +0200] [884933] [INFO] 127.0.0.1 - - [20/Jun/2023:17:54:58 +0200] "GET /feeder_gateway/get_transaction_status?transactionHash=0x5f8990db84fc5d495af29c7bd706023a620d33fa8c01527a9bf36ec6bd6782b HTTP/1.1" 200 112 "-" "undici"
[2023-06-20 17:54:58 +0200] [884933] [INFO] 127.0.0.1 - - [20/Jun/2023:17:54:58 +0200] "GET /feeder_gateway/get_transaction_receipt?transactionHash=0x5f8990db84fc5d495af29c7bd706023a620d33fa8c01527a9bf36ec6bd6782b HTTP/1.1" 200 1190 "-" "undici"
[2023-06-20 17:55:06 +0200] [884933] [INFO] 127.0.0.1 - - [20/Jun/2023:17:55:06 +0200] "GET /feeder_gateway/get_transaction_status?transactionHash=0x5f8990db84fc5d495af29c7bd706023a620d33fa8c01527a9bf36ec6bd6782b HTTP/1.1" 200 112 "-" "undici"
[2023-06-20 17:55:06 +0200] [884933] [INFO] 127.0.0.1 - - [20/Jun/2023:17:55:06 +0200] "GET /feeder_gateway/get_transaction_receipt?transactionHash=0x5f8990db84fc5d495af29c7bd706023a620d33fa8c01527a9bf36ec6bd6782b HTTP/1.1" 200 1190 "-" "undici"
[2023-06-20 17:55:06 +0200] [884933] [INFO] 127.0.0.1 - - [20/Jun/2023:17:55:06 +0200] "GET /feeder_gateway/get_nonce?contractAddress=0x7e00d496e324876bbc8531f2d9a82bf154d1a04a50218ee74cdd372f75a551a&blockNumber=pending HTTP/1.1" 200 6 "-" "undici"
[2023-06-20 17:55:06 +0200] [884933] [INFO] 127.0.0.1 - - [20/Jun/2023:17:55:06 +0200] "GET /feeder_gateway/get_nonce?contractAddress=0x7e00d496e324876bbc8531f2d9a82bf154d1a04a50218ee74cdd372f75a551a&blockNumber=pending HTTP/1.1" 200 6 "-" "undici"
96231036770510887785732922765483205921
[2023-06-20 17:55:06 +0200] [884933] [INFO] 127.0.0.1 - - [20/Jun/2023:17:55:06 +0200] "POST /feeder_gateway/estimate_fee?blockNumber=pending&skipValidate=false HTTP/1.1" 200 81 "-" "undici"
[2023-06-20 17:55:06 +0200] [884933] [INFO] add_transaction request: {'calldata': ['1',
              '183266079055239676329987074516790918873060078114002516564964429561000554716',
              '1641366775829008431754372458209526300942431306650102192005891209119900503045',
              '0',
              '1',
              '1',
              '200'],
 'max_fee': '0x2c63a02280',
 'nonce': '0x2',
 'sender_address': '0x7e00d496e324876bbc8531f2d9a82bf154d1a04a50218ee74cdd372f75a551a',
 'signature': ['1149276011047069566124774796345455468559042259202473548041972481324447367529',
               '1798137283028820854017633322337150538551783784498768789239834358952881003143'],
 'type': 'INVOKE_FUNCTION',
 'version': '0x1'}
96231036770510887785732922765483205921
[2023-06-20 17:55:06 +0200] [884933] [INFO] transaction execution info: {'actual_fee': '0x1d97c01700',
 'actual_resources': {'ecdsa_builtin': 1,
                      'l1_gas_usage': 1224,
                      'n_steps': 4662,
                      'pedersen_builtin': 16,
                      'range_check_builtin': 110},
 'call_info': {'accessed_storage_keys': [],
               'call_type': 'CALL',
               'calldata': [1,
                            183266079055239676329987074516790918873060078114002516564964429561000554716,
                            1641366775829008431754372458209526300942431306650102192005891209119900503045,
                            0,
                            1,
                            1,
                            200],
               'caller_address': 0,
               'class_hash': '0x4d07e40e93398ed3c76981e72dd1fd22557a78ce36c0515f679e27f0bb5bc5f',
               'code_address': None,
               'contract_address': 3562055384976875123115280411327378123839557441680670463096306030682092229914,
               'entry_point_selector': 617075754465154585683856897856256838130216341506379215893724690153393808813,
               'entry_point_type': 'EXTERNAL',
               'events': [],
               'execution_resources': {'builtin_instance_counter': {'range_check_builtin': 9},
                                       'n_memory_holes': 11,
                                       'n_steps': 375},
               'failure_flag': '0x0',
               'gas_consumed': '0x0',
               'internal_calls': [{'accessed_storage_keys': [],
                                   'call_type': 'CALL',
                                   'calldata': [200],
                                   'caller_address': 3562055384976875123115280411327378123839557441680670463096306030682092229914,
                                   'class_hash': '0x4e47075af4fe2d406a2d6467691f3ce9b0c77f758723e94ad8ca18a36061c94',
                                   'code_address': 183266079055239676329987074516790918873060078114002516564964429561000554716,
                                   'contract_address': 183266079055239676329987074516790918873060078114002516564964429561000554716,
                                   'entry_point_selector': 1641366775829008431754372458209526300942431306650102192005891209119900503045,
                                   'entry_point_type': 'EXTERNAL',
                                   'events': [{'data': ['0x7e00d496e324876bbc8531f2d9a82bf154d1a04a50218ee74cdd372f75a551a',
                                                        '0xc8'],
                                               'keys': ['0x2b3dfaec148fb1bb2b066f10ec285e7c9bf402ab32aa78a5d38e34566810cd2'],
                                               'order': 0}],
                                   'execution_resources': {'builtin_instance_counter': {'range_check_builtin': 2},
                                                           'n_memory_holes': 0,
                                                           'n_steps': 173},
                                   'failure_flag': '0x0',
                                   'gas_consumed': '0x72a6',
                                   'internal_calls': [],
                                   'l2_to_l1_messages': [],
                                   'retdata': [],
                                   'storage_read_values': []}],
               'l2_to_l1_messages': [],
               'retdata': [0],
               'storage_read_values': []},
 'fee_transfer_info': {'accessed_storage_keys': ['0x6a246ae4a794ec5d22aca03943f5c257aa475fc224afbbb81d990dbe79acaf0',
                                                 '0x6a246ae4a794ec5d22aca03943f5c257aa475fc224afbbb81d990dbe79acaf1',
                                                 '0x5a03f983ccfa3631e86b0bfc059157e48b40f4ce409b459d348189d67748cf4',
                                                 '0x5a03f983ccfa3631e86b0bfc059157e48b40f4ce409b459d348189d67748cf5'],
                       'call_type': 'CALL',
                       'calldata': [419940454587596824959982498349653972306389227615666713451891362889554999334,
                                    127100000000,
                                    0],
                       'caller_address': 3562055384976875123115280411327378123839557441680670463096306030682092229914,
                       'class_hash': '0x6a22bf63c7bc07effa39a25dfbd21523d211db0100a0afd054d172b81840eaf',
                       'code_address': None,
                       'contract_address': 2087021424722619777119509474943472645767659996348769578120564519014510906823,
                       'entry_point_selector': 232670485425082704932579856502088130646006032362877466777181098476241604910,
                       'entry_point_type': 'EXTERNAL',
                       'events': [{'data': ['0x7e00d496e324876bbc8531f2d9a82bf154d1a04a50218ee74cdd372f75a551a',
                                            '0xedad892bb8c0cd384ff67c0cfabed06ccef6216a1a4ae553a260fb30b03826',
                                            '0x1d97c01700',
                                            '0x0'],
                                   'keys': ['0x99cd8bde557814842a3121e8ddfd433a539b8c9f14bf31ebf108d12e6196e9'],
                                   'order': 0}],
                       'execution_resources': {'builtin_instance_counter': {'pedersen_builtin': 4,
                                                                            'range_check_builtin': 29},
                                               'n_memory_holes': 40,
                                               'n_steps': 582},
                       'failure_flag': '0x0',
                       'gas_consumed': '0x0',
                       'internal_calls': [],
                       'l2_to_l1_messages': [],
                       'retdata': [1],
                       'storage_read_values': [999999999563100000000,
                                               0,
                                               999999999563100000000,
                                               0,
                                               436900000000,
                                               0,
                                               436900000000,
                                               0]},
 'tx_type': 'INVOKE_FUNCTION',
 'validate_info': {'accessed_storage_keys': ['0x1379ac0624b939ceb9dede92211d7db5ee174fe28be72245b0a1a2abd81c98f'],
                   'call_type': 'CALL',
                   'calldata': [1,
                                183266079055239676329987074516790918873060078114002516564964429561000554716,
                                1641366775829008431754372458209526300942431306650102192005891209119900503045,
                                0,
                                1,
                                1,
                                200],
                   'caller_address': 0,
                   'class_hash': '0x4d07e40e93398ed3c76981e72dd1fd22557a78ce36c0515f679e27f0bb5bc5f',
                   'code_address': None,
                   'contract_address': 3562055384976875123115280411327378123839557441680670463096306030682092229914,
                   'entry_point_selector': 626969833899987279399947180575486623810258720106406659648356883742278317941,
                   'entry_point_type': 'EXTERNAL',
                   'events': [],
                   'execution_resources': {'builtin_instance_counter': {'ecdsa_builtin': 1,
                                                                        'range_check_builtin': 2},
                                           'n_memory_holes': 0,
                                           'n_steps': 94},
                   'failure_flag': '0x0',
                   'gas_consumed': '0x0',
                   'internal_calls': [],
                   'l2_to_l1_messages': [],
                   'retdata': [],
                   'storage_read_values': [3571077580641057962019375980836964323430604474979724507958294224671833227961]}}
[2023-06-20 17:55:06 +0200] [884933] [INFO] transaction receipt: {'actual_fee': '0x1d97c01700',
 'block_hash': '0x70d9dde7632ec1ad41e11343976417f9aac64625e0c2688e86f8cbf713eac2a',
 'block_number': 3,
 'events': [{'data': ['0x7e00d496e324876bbc8531f2d9a82bf154d1a04a50218ee74cdd372f75a551a',
                      '0xc8'],
             'from_address': '0x67b994ad2b366e0003d039f9cb8b8b913db644e215cee5d3575b770722f0dc',
             'keys': ['0x2b3dfaec148fb1bb2b066f10ec285e7c9bf402ab32aa78a5d38e34566810cd2']},
            {'data': ['0x7e00d496e324876bbc8531f2d9a82bf154d1a04a50218ee74cdd372f75a551a',
                      '0xedad892bb8c0cd384ff67c0cfabed06ccef6216a1a4ae553a260fb30b03826',
                      '0x1d97c01700',
                      '0x0'],
             'from_address': '0x49d36570d4e46f48e99674bd3fcc84644ddd6b96f7c741b1562b82f9e004dc7',
             'keys': ['0x99cd8bde557814842a3121e8ddfd433a539b8c9f14bf31ebf108d12e6196e9']}],
 'execution_resources': {'builtin_instance_counter': {'range_check_builtin': 9},
                         'n_memory_holes': 11,
                         'n_steps': 375},
 'l2_to_l1_messages': [],
 'status': 'ACCEPTED_ON_L2',
 'transaction_hash': '0x164fcba9bcca761b4cb017836e3512ff1e3f059e0a08604ad70f5a4a19f7045',
 'transaction_index': 0}
[2023-06-20 17:55:06 +0200] [884933] [INFO] add_transaction response: {'address': '0x07e00d496e324876bbc8531f2d9a82bf154d1a04a50218ee74cdd372f75a551a',
 'code': 'TRANSACTION_RECEIVED',
 'transaction_hash': '0x164fcba9bcca761b4cb017836e3512ff1e3f059e0a08604ad70f5a4a19f7045'}
[2023-06-20 17:55:06 +0200] [884933] [INFO] 127.0.0.1 - - [20/Jun/2023:17:55:06 +0200] "POST /gateway/add_transaction HTTP/1.1" 200 198 "-" "undici"
[2023-06-20 17:55:14 +0200] [884933] [INFO] 127.0.0.1 - - [20/Jun/2023:17:55:14 +0200] "GET /feeder_gateway/get_transaction_status?transactionHash=0x164fcba9bcca761b4cb017836e3512ff1e3f059e0a08604ad70f5a4a19f7045 HTTP/1.1" 200 112 "-" "undici"
[2023-06-20 17:55:14 +0200] [884933] [INFO] 127.0.0.1 - - [20/Jun/2023:17:55:14 +0200] "GET /feeder_gateway/get_transaction_receipt?transactionHash=0x164fcba9bcca761b4cb017836e3512ff1e3f059e0a08604ad70f5a4a19f7045 HTTP/1.1" 200 1016 "-" "undici"

